<?xml version="1.0" encoding="UTF-8"?>
<!-- Generated by org.testng.reporters.JUnitReportReporter -->
<testsuite hostname="QT-INNO-LT0916" failures="0" tests="1" name="Rest.RS001_PATCH" time="2.872" errors="0" timestamp="2021-10-07T18:42:53 IST" skipped="0">
  <testcase classname="Rest.RS001_PATCH" name="test_patch" time="2.872"/>
  <system-out/>
</testsuite> <!-- Rest.RS001_PATCH -->
