<?xml version="1.0" encoding="UTF-8"?>
<!-- Generated by org.testng.reporters.JUnitReportReporter -->
<testsuite hostname="QT-INNO-LT0916" failures="0" tests="1" name="Rest.RS001_DELETE" time="3.954" errors="0" timestamp="2021-10-07T18:44:43 IST" skipped="0">
  <testcase classname="Rest.RS001_DELETE" name="test_delete" time="3.954"/>
  <system-out/>
</testsuite> <!-- Rest.RS001_DELETE -->
