<?xml version="1.0" encoding="UTF-8"?>
<!-- Generated by org.testng.reporters.JUnitReportReporter -->
<testsuite hostname="QT-INNO-LT0916" failures="0" tests="1" name="Rest.RS01_GET" time="2.503" errors="0" timestamp="2021-10-07T12:54:53 IST" skipped="0">
  <testcase classname="Rest.RS01_GET" name="getDetails" time="2.503"/>
  <system-out/>
</testsuite> <!-- Rest.RS01_GET -->
