<?xml version="1.0" encoding="UTF-8"?>
<!-- Generated by org.testng.reporters.JUnitReportReporter -->
<testsuite hostname="QT-INNO-LT0916" failures="0" tests="1" name="Rest.RS001_GET" time="2.275" errors="0" timestamp="2021-10-07T15:07:16 IST" skipped="0">
  <testcase classname="Rest.RS001_GET" name="test_01" time="2.275"/>
  <system-out/>
</testsuite> <!-- Rest.RS001_GET -->
