<?xml version="1.0" encoding="UTF-8"?>
<!-- Generated by org.testng.reporters.JUnitReportReporter -->
<testsuite hostname="QT-INNO-LT0916" failures="0" tests="1" name="Rest.RS001_PUT" time="3.026" errors="0" timestamp="2021-10-07T17:51:55 IST" skipped="0">
  <testcase classname="Rest.RS001_PUT" name="test_post" time="3.026"/>
  <system-out/>
</testsuite> <!-- Rest.RS001_PUT -->
