<?xml version="1.0" encoding="UTF-8"?>
<!-- Generated by org.testng.reporters.JUnitReportReporter -->
<testsuite hostname="QT-INNO-LT0916" failures="0" tests="1" name="Rest.RS002_GET" time="2.581" errors="0" timestamp="2021-10-07T15:20:29 IST" skipped="0">
  <testcase classname="Rest.RS002_GET" name="test_01" time="2.581"/>
  <system-out/>
</testsuite> <!-- Rest.RS002_GET -->
