<?xml version="1.0" encoding="UTF-8"?>
<!-- Generated by org.testng.reporters.JUnitReportReporter -->
<testsuite hostname="QT-INNO-LT0916" failures="0" tests="1" name="Testng.NewTest" time="3.522" errors="0" timestamp="2021-10-08T07:30:33 IST" skipped="0">
  <testcase classname="Testng.NewTest" name="getDetails" time="3.522"/>
  <system-out/>
</testsuite> <!-- Testng.NewTest -->
